[11/2/2019 22:4:11] /t
[11/2/2019 22:11:28] /i 2157
[11/2/2019 22:11:51] /i 2157
[11/2/2019 22:12:8] /i area ultimate
[11/2/2019 22:13:36] /a 20
[11/2/2019 22:13:38] /a 20
[11/2/2019 22:13:41] /a 20
[11/2/2019 22:13:42] /a 20
[11/2/2019 22:13:44] /a 20
[11/2/2019 22:13:45] /a 20
[11/2/2019 22:13:49] /a 20
[11/2/2019 22:13:54] /a 2
[11/2/2019 22:13:54] /a 2
[11/2/2019 22:14:2] /c Matheus
[11/2/2019 22:14:28] /a 20
[11/2/2019 22:14:29] /a 20
[11/2/2019 22:14:29] /a 20
[11/2/2019 22:14:32] /a 2
[11/2/2019 22:14:50] /i 12591
[11/2/2019 22:16:15] /i 11294
[11/2/2019 22:16:22] /r
[11/2/2019 22:16:29] /i 11249
[11/2/2019 22:16:44] /i supreme vip
[11/2/2019 22:17:3] /a 20
[11/2/2019 22:17:9] /a 20
[11/2/2019 22:17:11] /a 20
[11/2/2019 22:17:14] /up
[11/2/2019 22:17:26] /a 2
[11/2/2019 22:17:28] /a 2
[11/2/2019 22:17:30] /a 2
[11/2/2019 22:17:53] /up
[11/2/2019 22:18:2] /up
[11/2/2019 22:18:7] /up
[11/2/2019 22:18:15] /a
[11/2/2019 22:18:32] /a 2
[11/2/2019 22:20:48] /a 
[11/2/2019 22:20:50] /a 
[11/2/2019 22:24:45] /i magnata staff
[11/2/2019 22:24:54] /a
[11/2/2019 22:24:59] /a 3
[11/2/2019 22:25:24] /a
[11/2/2019 22:25:27] /a
[11/2/2019 22:25:29] /a
[11/2/2019 22:25:32] /a 3
[11/2/2019 22:25:33] /a 3
[11/2/2019 22:25:35] /a 3
[11/2/2019 22:25:39] /a 4
[11/2/2019 22:25:48] /a 4
[11/2/2019 22:25:52] /a 3
[11/2/2019 22:25:57] /a
[11/2/2019 22:28:19] /i 10309
[11/2/2019 22:29:33] /a 2
[11/2/2019 22:31:8] /c Matheus
[11/2/2019 22:31:39] /t
